<?xml version="1.0" encoding="UTF-8"?>
<testsuite xmlns:xsi="http://www.w3.org/2001/XMLSchema-instance" xsi:noNamespaceSchemaLocation="https://maven.apache.org/surefire/maven-surefire-plugin/xsd/surefire-test-report-3.0.xsd" version="3.0" name="com.areyes1.junitreport.service.JUnitReportServiceExampleTest" time="0.029" tests="4" errors="0" skipped="0" failures="0">
  <properties>
    <property name="sonar.projectName" value="javaweb"/>
    <property name="java.specification.version" value="17"/>
    <property name="sonar.host.url" value="http://localhost:9000"/>
    <property name="sun.jnu.encoding" value="UTF-8"/>
    <property name="java.class.path" value="/Users/manya/Documents/testcase/java/JUnit-Report-Example/target/test-classes:/Users/manya/Documents/testcase/java/JUnit-Report-Example/target/classes:/Users/manya/.m2/repository/junit/junit/4.12/junit-4.12.jar:/Users/manya/.m2/repository/org/hamcrest/hamcrest-core/1.3/hamcrest-core-1.3.jar:"/>
    <property name="java.vm.vendor" value="Eclipse Adoptium"/>
    <property name="sun.arch.data.model" value="64"/>
    <property name="java.vendor.url" value="https://adoptium.net/"/>
    <property name="os.name" value="Mac OS X"/>
    <property name="java.vm.specification.version" value="17"/>
    <property name="sun.java.launcher" value="SUN_STANDARD"/>
    <property name="user.country" value="IN"/>
    <property name="sun.boot.library.path" value="/Library/Java/JavaVirtualMachines/temurin-17.jdk/Contents/Home/lib"/>
    <property name="sun.java.command" value="/Users/manya/Documents/testcase/java/JUnit-Report-Example/target/surefire/surefirebooter-20231127151151185_3.jar /Users/manya/Documents/testcase/java/JUnit-Report-Example/target/surefire 2023-11-27T15-11-51_143-jvmRun1 surefire-20231127151151185_1tmp surefire_0-20231127151151185_2tmp"/>
    <property name="http.nonProxyHosts" value="local|*.local|169.254/16|*.169.254/16"/>
    <property name="jdk.debug" value="release"/>
    <property name="surefire.test.class.path" value="/Users/manya/Documents/testcase/java/JUnit-Report-Example/target/test-classes:/Users/manya/Documents/testcase/java/JUnit-Report-Example/target/classes:/Users/manya/.m2/repository/junit/junit/4.12/junit-4.12.jar:/Users/manya/.m2/repository/org/hamcrest/hamcrest-core/1.3/hamcrest-core-1.3.jar:"/>
    <property name="sun.cpu.endian" value="little"/>
    <property name="user.home" value="/Users/manya"/>
    <property name="user.language" value="en"/>
    <property name="java.specification.vendor" value="Oracle Corporation"/>
    <property name="java.version.date" value="2023-07-18"/>
    <property name="java.home" value="/Library/Java/JavaVirtualMachines/temurin-17.jdk/Contents/Home"/>
    <property name="file.separator" value="/"/>
    <property name="basedir" value="/Users/manya/Documents/testcase/java/JUnit-Report-Example"/>
    <property name="java.vm.compressedOopsMode" value="Zero based"/>
    <property name="line.separator" value="&#10;"/>
    <property name="java.vm.specification.vendor" value="Oracle Corporation"/>
    <property name="java.specification.name" value="Java Platform API Specification"/>
    <property name="surefire.real.class.path" value="/Users/manya/Documents/testcase/java/JUnit-Report-Example/target/surefire/surefirebooter-20231127151151185_3.jar"/>
    <property name="sun.management.compiler" value="HotSpot 64-Bit Tiered Compilers"/>
    <property name="ftp.nonProxyHosts" value="local|*.local|169.254/16|*.169.254/16"/>
    <property name="java.runtime.version" value="17.0.8+7"/>
    <property name="user.name" value="manya"/>
    <property name="path.separator" value=":"/>
    <property name="os.version" value="13.3.1"/>
    <property name="java.runtime.name" value="OpenJDK Runtime Environment"/>
    <property name="file.encoding" value="UTF-8"/>
    <property name="java.vm.name" value="OpenJDK 64-Bit Server VM"/>
    <property name="java.vendor.version" value="Temurin-17.0.8+7"/>
    <property name="localRepository" value="/Users/manya/.m2/repository"/>
    <property name="java.vendor.url.bug" value="https://github.com/adoptium/adoptium-support/issues"/>
    <property name="java.io.tmpdir" value="/var/folders/4j/mhm10l8s3cl3rmz62rpfrpt80000gn/T/"/>
    <property name="sonar.token" value="sqp_912ae00537bd75049e8e381c3a9b53630458807f"/>
    <property name="java.version" value="17.0.8"/>
    <property name="user.dir" value="/Users/manya/Documents/testcase/java/JUnit-Report-Example"/>
    <property name="os.arch" value="aarch64"/>
    <property name="java.vm.specification.name" value="Java Virtual Machine Specification"/>
    <property name="native.encoding" value="UTF-8"/>
    <property name="sonar.projectKey" value="javaweb"/>
    <property name="java.library.path" value="/Users/manya/Library/Java/Extensions:/Library/Java/Extensions:/Network/Library/Java/Extensions:/System/Library/Java/Extensions:/usr/lib/java:."/>
    <property name="java.vm.info" value="mixed mode"/>
    <property name="java.vendor" value="Eclipse Adoptium"/>
    <property name="java.vm.version" value="17.0.8+7"/>
    <property name="sun.io.unicode.encoding" value="UnicodeBig"/>
    <property name="socksNonProxyHosts" value="local|*.local|169.254/16|*.169.254/16"/>
    <property name="java.class.version" value="61.0"/>
  </properties>
  <testcase name="testAssertEqualsFalsePostProcessing" classname="com.areyes1.junitreport.service.JUnitReportServiceExampleTest" time="0.004">
    <system-out><![CDATA[>>> processing - started
>>> processing - done
]]></system-out>
  </testcase>
  <testcase name="testAssertEqualsFalse" classname="com.areyes1.junitreport.service.JUnitReportServiceExampleTest" time="0.001">
    <system-out><![CDATA[>>> processing - started
>>> processing - done
]]></system-out>
  </testcase>
  <testcase name="testPostProcessing" classname="com.areyes1.junitreport.service.JUnitReportServiceExampleTest" time="0.0">
    <system-out><![CDATA[>>> processing - started
>>> processing - done
]]></system-out>
  </testcase>
  <testcase name="setData" classname="com.areyes1.junitreport.service.JUnitReportServiceExampleTest" time="0.0"/>
</testsuite>